<?xml version="1.0" encoding="UTF-8"?>
<!-- Generated by org.testng.reporters.JUnitReportReporter -->
<testsuite hostname="DESKTOP-JRAVQ96" failures="0" tests="6" name="com.traval.qa.test.SearchHotelTest" time="38.474" errors="0" timestamp="2024-02-08T01:05:37 IST" skipped="0">
  <testcase classname="com.traval.qa.test.SearchHotelTest" name="Validate_HomePage_Title" time="1.362"/>
  <testcase classname="com.traval.qa.test.SearchHotelTest" name="ValidataBy_AddingRequirment_InHomePage" time="12.726"/>
  <testcase classname="com.traval.qa.test.SearchHotelTest" name="Validateby_Requirments_Matchingin_ListingPage_FromHomePage" time="9.303"/>
  <testcase classname="com.traval.qa.test.SearchHotelTest" name="Validate_Hotelpage_bycheckingrequirment_FromHomePage" time="7.290"/>
  <testcase classname="com.traval.qa.test.SearchHotelTest" name="Validate_CheckoutPagerequirment_From_HomePage" time="4.676"/>
  <testcase classname="com.traval.qa.test.SearchHotelTest" name="SucessFul_MassageConfirmation" time="3.117"/>
</testsuite> <!-- com.traval.qa.test.SearchHotelTest -->
